<?xml version="1.0" encoding="UTF-8"?>
<testng-results ignored="0" total="1" passed="1" failed="0" skipped="0">
  <reporter-output>
  </reporter-output>
  <suite started-at="2023-03-31T12:13:15 IST" name="Default suite" finished-at="2023-03-31T12:13:43 IST" duration-ms="28313">
    <groups>
    </groups>
    <test started-at="2023-03-31T12:13:15 IST" name="Default test" finished-at="2023-03-31T12:13:43 IST" duration-ms="28313">
      <class name="com.Hybrid.TestClass.TC_LoginTestCase">
        <test-method is-config="true" signature="SetUp()[pri:0, instance:com.Hybrid.TestClass.TC_LoginTestCase@7a35b0f5]" started-at="2023-03-31T12:13:15 IST" name="SetUp" finished-at="2023-03-31T12:13:21 IST" duration-ms="5747" status="PASS">
          <reporter-output>
          </reporter-output>
        </test-method> <!-- SetUp -->
        <test-method signature="Login()[pri:1, instance:com.Hybrid.TestClass.TC_LoginTestCase@7a35b0f5]" started-at="2023-03-31T12:13:21 IST" name="Login" description="Login Functionality Test Case" finished-at="2023-03-31T12:13:43 IST" duration-ms="22058" status="PASS">
          <reporter-output>
          </reporter-output>
        </test-method> <!-- Login -->
        <test-method is-config="true" signature="tearUp()[pri:0, instance:com.Hybrid.TestClass.TC_LoginTestCase@7a35b0f5]" started-at="2023-03-31T12:13:43 IST" name="tearUp" finished-at="2023-03-31T12:13:43 IST" duration-ms="399" status="PASS">
          <reporter-output>
          </reporter-output>
        </test-method> <!-- tearUp -->
      </class> <!-- com.Hybrid.TestClass.TC_LoginTestCase -->
    </test> <!-- Default test -->
  </suite> <!-- Default suite -->
</testng-results>
